[00:03:35] [Server thread/INFO] [STDOUT]: [com.lycanitesmobs.LycanitesMobs:logInfo:281]: [LycanitesMobs] [Info] [] Mob Event Started: The Swarm In Dimension: 0 Duration: 60secs
[00:04:20] [Server thread/INFO] [FML]: Loading dimension -1 (World) (net.minecraft.server.dedicated.DedicatedServer@f5f957a)
[00:04:20] [Server thread/INFO] [globalgamerules]: Applying config gamerules to dimension -1 (World)
[00:04:20] [Server thread/INFO] [globalgamerules]: Setting difficulty of dimension -1 (World) to HARD
[00:04:20] [Server thread/INFO] [STDOUT]: [atomicstryker.ruins.common.ChunkLoggerData:func_76184_a:24]: Ruins chunks logged: 938
[00:04:20] [Server thread/INFO] [dsurround]: Creating NETHER weather generator for dimension [the_nether]
[00:04:21] [Server thread/INFO] [globalgamerules]: Saving gamerules of dimension -1 (World) to config
[00:04:22] [Server thread/INFO] [FML]: Unloading dimension -1
[00:04:35] [Server thread/INFO] [STDOUT]: [com.lycanitesmobs.LycanitesMobs:logInfo:281]: [LycanitesMobs] [Info] [] Mob Event Finished: The Swarm
[00:04:37] [Server thread/INFO] [STDOUT]: [com.lycanitesmobs.LycanitesMobs:logDebug:293]: [LycanitesMobs] [Debug] [] Damage will kill and player owner!
[00:04:40] [Server thread/INFO] [STDOUT]: [com.lycanitesmobs.LycanitesMobs:logDebug:293]: [LycanitesMobs] [Debug] [] Damage will kill and player owner!
[00:04:47] [Server thread/INFO] [STDOUT]: [com.lycanitesmobs.LycanitesMobs:logDebug:293]: [LycanitesMobs] [Debug] [] Damage will kill and player owner!
[00:05:13] [Server thread/INFO] [net.minecraft.server.dedicated.DedicatedServer]: rdiaz2000 was slain by Baby Vespid  Lvl 5
[00:05:15] [Thread-677/INFO] [STDOUT]: [com.lycanitesmobs.LycanitesMobs:logInfo:281]: [LycanitesMobs] [Info] [] Online familiars loaded successfully for 76063568-76d8-4ab7-a0a6-1c5079fb40ac.
[00:05:55] [Server thread/INFO] [net.minecraft.server.dedicated.DedicatedServer]: rdiaz2000 was slain by Baby Vespid  Lvl 5
[00:06:33] [Server thread/INFO] [net.minecraft.server.dedicated.DedicatedServer]: sacoPapaya was slain by Vespid  Lvl 14
[00:06:35] [Thread-682/INFO] [STDOUT]: [com.lycanitesmobs.LycanitesMobs:logInfo:281]: [LycanitesMobs] [Info] [] Online familiars loaded successfully for abd71d0c-85e3-43d8-97de-4036d7d2275a.
[00:08:01] [Server thread/INFO] [net.minecraft.server.dedicated.DedicatedServer]: sacoPapaya drowned whilst trying to escape Vespid  Lvl 12
[00:18:19] [Server thread/INFO] [net.minecraft.server.dedicated.DedicatedServer]: rdiaz2000 has made the advancement [Enchanter]
[00:24:33] [Server thread/INFO] [FML]: Loading dimension -1 (World) (net.minecraft.server.dedicated.DedicatedServer@f5f957a)
[00:24:33] [Server thread/INFO] [globalgamerules]: Applying config gamerules to dimension -1 (World)
[00:24:33] [Server thread/INFO] [globalgamerules]: Setting difficulty of dimension -1 (World) to HARD
[00:24:33] [Server thread/INFO] [STDOUT]: [atomicstryker.ruins.common.ChunkLoggerData:func_76184_a:24]: Ruins chunks logged: 938
[00:24:33] [Server thread/INFO] [dsurround]: Creating NETHER weather generator for dimension [the_nether]
[00:24:34] [Server thread/INFO] [globalgamerules]: Saving gamerules of dimension -1 (World) to config
[00:24:35] [Server thread/INFO] [FML]: Unloading dimension -1
[00:27:44] [Server thread/INFO] [FML]: Loading dimension -1 (World) (net.minecraft.server.dedicated.DedicatedServer@f5f957a)
[00:27:44] [Server thread/INFO] [globalgamerules]: Applying config gamerules to dimension -1 (World)
[00:27:44] [Server thread/INFO] [globalgamerules]: Setting difficulty of dimension -1 (World) to HARD
[00:27:44] [Server thread/INFO] [STDOUT]: [atomicstryker.ruins.common.ChunkLoggerData:func_76184_a:24]: Ruins chunks logged: 938
[00:27:44] [Server thread/INFO] [dsurround]: Creating NETHER weather generator for dimension [the_nether]
[00:27:44] [Server thread/INFO] [globalgamerules]: Saving gamerules of dimension -1 (World) to config
[00:27:45] [Server thread/INFO] [FML]: Unloading dimension -1
[00:27:45] [Server thread/INFO] [FML]: Loading dimension -1 (World) (net.minecraft.server.dedicated.DedicatedServer@f5f957a)
[00:27:45] [Server thread/INFO] [globalgamerules]: Applying config gamerules to dimension -1 (World)
[00:27:45] [Server thread/INFO] [globalgamerules]: Setting difficulty of dimension -1 (World) to HARD
[00:27:45] [Server thread/INFO] [STDOUT]: [atomicstryker.ruins.common.ChunkLoggerData:func_76184_a:24]: Ruins chunks logged: 938
[00:27:45] [Server thread/INFO] [dsurround]: Creating NETHER weather generator for dimension [the_nether]
[00:27:46] [Server thread/INFO] [globalgamerules]: Saving gamerules of dimension -1 (World) to config
[00:27:47] [Server thread/INFO] [FML]: Unloading dimension -1
[00:27:47] [Server thread/INFO] [FML]: Loading dimension -1 (World) (net.minecraft.server.dedicated.DedicatedServer@f5f957a)
[00:27:47] [Server thread/INFO] [globalgamerules]: Applying config gamerules to dimension -1 (World)
[00:27:47] [Server thread/INFO] [globalgamerules]: Setting difficulty of dimension -1 (World) to HARD
[00:27:47] [Server thread/INFO] [STDOUT]: [atomicstryker.ruins.common.ChunkLoggerData:func_76184_a:24]: Ruins chunks logged: 938
[00:27:47] [Server thread/INFO] [dsurround]: Creating NETHER weather generator for dimension [the_nether]
[00:27:48] [Server thread/INFO] [globalgamerules]: Saving gamerules of dimension -1 (World) to config
[00:27:48] [Server thread/INFO] [FML]: Unloading dimension -1
[00:28:20] [Server thread/INFO] [FML]: Loading dimension -1 (World) (net.minecraft.server.dedicated.DedicatedServer@f5f957a)
[00:28:20] [Server thread/INFO] [globalgamerules]: Applying config gamerules to dimension -1 (World)
[00:28:20] [Server thread/INFO] [globalgamerules]: Setting difficulty of dimension -1 (World) to HARD
[00:28:20] [Server thread/INFO] [STDOUT]: [atomicstryker.ruins.common.ChunkLoggerData:func_76184_a:24]: Ruins chunks logged: 938
[00:28:20] [Server thread/INFO] [dsurround]: Creating NETHER weather generator for dimension [the_nether]
[00:28:21] [Server thread/INFO] [globalgamerules]: Saving gamerules of dimension -1 (World) to config
[00:28:22] [Server thread/INFO] [FML]: Unloading dimension -1
[00:28:22] [Server thread/INFO] [FML]: Loading dimension -1 (World) (net.minecraft.server.dedicated.DedicatedServer@f5f957a)
[00:28:22] [Server thread/INFO] [globalgamerules]: Applying config gamerules to dimension -1 (World)
[00:28:22] [Server thread/INFO] [globalgamerules]: Setting difficulty of dimension -1 (World) to HARD
[00:28:22] [Server thread/INFO] [STDOUT]: [atomicstryker.ruins.common.ChunkLoggerData:func_76184_a:24]: Ruins chunks logged: 938
[00:28:22] [Server thread/INFO] [dsurround]: Creating NETHER weather generator for dimension [the_nether]
[00:28:23] [Server thread/INFO] [globalgamerules]: Saving gamerules of dimension -1 (World) to config
[00:28:23] [Server thread/INFO] [FML]: Unloading dimension -1
[00:32:27] [Server thread/INFO] [antiqueatlas]: Sending dimension #0
[00:32:27] [Server thread/INFO] [antiqueatlas]: Sent dimension #0 (8 tiles)
[00:32:27] [Server thread/INFO] [antiqueatlas]: Sent Atlas #4 data to player sacoPapaya
[00:32:27] [Server thread/INFO] [antiqueatlas]: Sent markers data #4 to player sacoPapaya
[00:32:41] [Server thread/INFO] [antiqueatlas]: Saving local markers data to NBT
[00:33:26] [Server thread/INFO] [antiqueatlas]: Saving local markers data to NBT
[00:34:11] [Server thread/INFO] [antiqueatlas]: Saving local markers data to NBT
[00:34:25] [Server thread/WARN] [net.minecraft.world.WorldServer]: Tried to add entity lycanitesmobs:chupacabra but it was marked as removed already
[00:37:58] [Server thread/INFO] [FML]: Loading dimension -1 (World) (net.minecraft.server.dedicated.DedicatedServer@f5f957a)
[00:37:58] [Server thread/INFO] [globalgamerules]: Applying config gamerules to dimension -1 (World)
[00:37:58] [Server thread/INFO] [globalgamerules]: Setting difficulty of dimension -1 (World) to HARD
[00:37:58] [Server thread/INFO] [STDOUT]: [atomicstryker.ruins.common.ChunkLoggerData:func_76184_a:24]: Ruins chunks logged: 938
[00:37:58] [Server thread/INFO] [dsurround]: Creating NETHER weather generator for dimension [the_nether]
[00:37:59] [Server thread/INFO] [globalgamerules]: Saving gamerules of dimension -1 (World) to config
[00:37:59] [Server thread/INFO] [FML]: Unloading dimension -1
[00:42:23] [Server thread/INFO] [STDOUT]: [com.lycanitesmobs.LycanitesMobs:logDebug:293]: [LycanitesMobs] [Debug] [] Damage will kill and player owner!
[00:44:44] [Server thread/INFO] [STDOUT]: [com.lycanitesmobs.LycanitesMobs:logDebug:293]: [LycanitesMobs] [Debug] [] Damage will kill and player owner!
[00:57:04] [Server thread/INFO] [FML]: Loading dimension -1 (World) (net.minecraft.server.dedicated.DedicatedServer@f5f957a)
[00:57:04] [Server thread/INFO] [globalgamerules]: Applying config gamerules to dimension -1 (World)
[00:57:04] [Server thread/INFO] [globalgamerules]: Setting difficulty of dimension -1 (World) to HARD
[00:57:04] [Server thread/INFO] [STDOUT]: [atomicstryker.ruins.common.ChunkLoggerData:func_76184_a:24]: Ruins chunks logged: 938
[00:57:04] [Server thread/INFO] [dsurround]: Creating NETHER weather generator for dimension [the_nether]
[00:57:05] [Server thread/INFO] [globalgamerules]: Saving gamerules of dimension -1 (World) to config
[00:57:05] [Server thread/INFO] [FML]: Unloading dimension -1
[00:57:35] [Server thread/INFO] [STDERR]: [com.ferreusveritas.dynamictrees.entities.EntityFallingTree:setData:101]: Warning: Tried to create a EntityFallingTree with no branch blocks. This shouldn't be possible.
[00:57:35] [Server thread/INFO] [STDERR]: [com.ferreusveritas.dynamictrees.entities.EntityFallingTree:setData:102]: java.lang.Exception
[00:57:35] [Server thread/INFO] [STDERR]: [com.ferreusveritas.dynamictrees.entities.EntityFallingTree:setData:102]: 	at com.ferreusveritas.dynamictrees.entities.EntityFallingTree.setData(EntityFallingTree.java:102)
[00:57:35] [Server thread/INFO] [STDERR]: [com.ferreusveritas.dynamictrees.entities.EntityFallingTree:setData:102]: 	at com.ferreusveritas.dynamictrees.entities.EntityFallingTree.dropTree(EntityFallingTree.java:483)
[00:57:35] [Server thread/INFO] [STDERR]: [com.ferreusveritas.dynamictrees.entities.EntityFallingTree:setData:102]: 	at com.ferreusveritas.dynamictrees.blocks.BlockBranch.futureBreak(BlockBranch.java:432)
[00:57:35] [Server thread/INFO] [STDERR]: [com.ferreusveritas.dynamictrees.entities.EntityFallingTree:setData:102]: 	at com.ferreusveritas.dynamictrees.event.FutureBreak.process(FutureBreak.java:47)
[00:57:35] [Server thread/INFO] [STDERR]: [com.ferreusveritas.dynamictrees.entities.EntityFallingTree:setData:102]: 	at com.ferreusveritas.dynamictrees.event.CommonEventHandler.onWorldTick(CommonEventHandler.java:21)
[00:57:35] [Server thread/INFO] [STDERR]: [com.ferreusveritas.dynamictrees.entities.EntityFallingTree:setData:102]: 	at net.minecraftforge.fml.common.eventhandler.ASMEventHandler_846_CommonEventHandler_onWorldTick_WorldTickEvent.invoke(.dynamic)
[00:57:35] [Server thread/INFO] [STDERR]: [com.ferreusveritas.dynamictrees.entities.EntityFallingTree:setData:102]: 	at net.minecraftforge.fml.common.eventhandler.ASMEventHandler.invoke(ASMEventHandler.java:90)
[00:57:35] [Server thread/INFO] [STDERR]: [com.ferreusveritas.dynamictrees.entities.EntityFallingTree:setData:102]: 	at net.minecraftforge.fml.common.eventhandler.EventBus.post(EventBus.java:182)
[00:57:35] [Server thread/INFO] [STDERR]: [com.ferreusveritas.dynamictrees.entities.EntityFallingTree:setData:102]: 	at net.minecraftforge.fml.common.FMLCommonHandler.onPreWorldTick(FMLCommonHandler.java:287)
[00:57:35] [Server thread/INFO] [STDERR]: [com.ferreusveritas.dynamictrees.entities.EntityFallingTree:setData:102]: 	at net.minecraft.server.MinecraftServer.func_71190_q(MinecraftServer.java:752)
[00:57:35] [Server thread/INFO] [STDERR]: [com.ferreusveritas.dynamictrees.entities.EntityFallingTree:setData:102]: 	at net.minecraft.server.dedicated.DedicatedServer.func_71190_q(DedicatedServer.java:397)
[00:57:35] [Server thread/INFO] [STDERR]: [com.ferreusveritas.dynamictrees.entities.EntityFallingTree:setData:102]: 	at net.minecraft.server.MinecraftServer.func_71217_p(MinecraftServer.java:668)
[00:57:35] [Server thread/INFO] [STDERR]: [com.ferreusveritas.dynamictrees.entities.EntityFallingTree:setData:102]: 	at net.minecraft.server.MinecraftServer.run(MinecraftServer.java:526)
[00:57:35] [Server thread/INFO] [STDERR]: [com.ferreusveritas.dynamictrees.entities.EntityFallingTree:setData:102]: 	at java.lang.Thread.run(Unknown Source)
[01:15:53] [Server thread/WARN] [net.minecraft.network.NetHandlerPlayServer]: rdiaz2000 moved wrongly!
[01:21:24] [Server thread/INFO] [net.minecraft.server.dedicated.DedicatedServer]: sacoPapaya has made the advancement [Withering Heights]
[01:21:24] [Server thread/INFO] [net.minecraft.server.dedicated.DedicatedServer]: rdiaz2000 has made the advancement [Withering Heights]
[01:23:07] [Server thread/INFO] [STDOUT]: [com.lycanitesmobs.LycanitesMobs:logDebug:293]: [LycanitesMobs] [Debug] [] Damage will kill and player owner!
[01:28:09] [Server thread/INFO] [FML]: Loading dimension -1 (World) (net.minecraft.server.dedicated.DedicatedServer@f5f957a)
[01:28:09] [Server thread/INFO] [globalgamerules]: Applying config gamerules to dimension -1 (World)
[01:28:09] [Server thread/INFO] [globalgamerules]: Setting difficulty of dimension -1 (World) to HARD
[01:28:09] [Server thread/INFO] [STDOUT]: [atomicstryker.ruins.common.ChunkLoggerData:func_76184_a:24]: Ruins chunks logged: 938
[01:28:09] [Server thread/INFO] [dsurround]: Creating NETHER weather generator for dimension [the_nether]
[01:28:10] [Server thread/INFO] [globalgamerules]: Saving gamerules of dimension -1 (World) to config
[01:28:11] [Server thread/INFO] [FML]: Unloading dimension -1
[01:31:57] [Server thread/INFO] [FML]: Loading dimension -1 (World) (net.minecraft.server.dedicated.DedicatedServer@f5f957a)
[01:31:57] [Server thread/INFO] [globalgamerules]: Applying config gamerules to dimension -1 (World)
[01:31:57] [Server thread/INFO] [globalgamerules]: Setting difficulty of dimension -1 (World) to HARD
[01:31:57] [Server thread/INFO] [STDOUT]: [atomicstryker.ruins.common.ChunkLoggerData:func_76184_a:24]: Ruins chunks logged: 938
[01:31:57] [Server thread/INFO] [dsurround]: Creating NETHER weather generator for dimension [the_nether]
[01:31:58] [Server thread/INFO] [globalgamerules]: Saving gamerules of dimension -1 (World) to config
[01:31:58] [Server thread/INFO] [FML]: Unloading dimension -1
[01:34:02] [Server thread/INFO] [FML]: Loading dimension -1 (World) (net.minecraft.server.dedicated.DedicatedServer@f5f957a)
[01:34:02] [Server thread/INFO] [globalgamerules]: Applying config gamerules to dimension -1 (World)
[01:34:02] [Server thread/INFO] [globalgamerules]: Setting difficulty of dimension -1 (World) to HARD
[01:34:02] [Server thread/INFO] [STDOUT]: [atomicstryker.ruins.common.ChunkLoggerData:func_76184_a:24]: Ruins chunks logged: 938
[01:34:02] [Server thread/INFO] [dsurround]: Creating NETHER weather generator for dimension [the_nether]
[01:34:03] [Server thread/INFO] [globalgamerules]: Saving gamerules of dimension -1 (World) to config
[01:34:04] [Server thread/INFO] [FML]: Unloading dimension -1
[01:46:46] [Server thread/INFO] [FML]: Loading dimension -1 (World) (net.minecraft.server.dedicated.DedicatedServer@f5f957a)
[01:46:46] [Server thread/INFO] [globalgamerules]: Applying config gamerules to dimension -1 (World)
[01:46:46] [Server thread/INFO] [globalgamerules]: Setting difficulty of dimension -1 (World) to HARD
[01:46:46] [Server thread/INFO] [STDOUT]: [atomicstryker.ruins.common.ChunkLoggerData:func_76184_a:24]: Ruins chunks logged: 938
[01:46:46] [Server thread/INFO] [dsurround]: Creating NETHER weather generator for dimension [the_nether]
[01:46:46] [Server thread/WARN] [net.minecraft.world.WorldServer]: Tried to add entity lycanitesmobs:balayang but it was marked as removed already
[01:46:47] [Server thread/INFO] [globalgamerules]: Saving gamerules of dimension -1 (World) to config
[01:46:47] [Server thread/INFO] [FML]: Unloading dimension -1
[01:54:09] [Server thread/INFO] [FML]: Loading dimension -1 (World) (net.minecraft.server.dedicated.DedicatedServer@f5f957a)
[01:54:09] [Server thread/INFO] [globalgamerules]: Applying config gamerules to dimension -1 (World)
[01:54:09] [Server thread/INFO] [globalgamerules]: Setting difficulty of dimension -1 (World) to HARD
[01:54:09] [Server thread/INFO] [STDOUT]: [atomicstryker.ruins.common.ChunkLoggerData:func_76184_a:24]: Ruins chunks logged: 938
[01:54:09] [Server thread/INFO] [dsurround]: Creating NETHER weather generator for dimension [the_nether]
[01:54:10] [Server thread/INFO] [globalgamerules]: Saving gamerules of dimension -1 (World) to config
[01:54:11] [Server thread/INFO] [FML]: Unloading dimension -1
[01:54:11] [Server thread/INFO] [FML]: Loading dimension -1 (World) (net.minecraft.server.dedicated.DedicatedServer@f5f957a)
[01:54:11] [Server thread/INFO] [globalgamerules]: Applying config gamerules to dimension -1 (World)
[01:54:11] [Server thread/INFO] [globalgamerules]: Setting difficulty of dimension -1 (World) to HARD
[01:54:11] [Server thread/INFO] [STDOUT]: [atomicstryker.ruins.common.ChunkLoggerData:func_76184_a:24]: Ruins chunks logged: 938
[01:54:11] [Server thread/INFO] [dsurround]: Creating NETHER weather generator for dimension [the_nether]
[01:54:12] [Server thread/WARN] [net.minecraft.world.WorldServer]: Tried to add entity lycanitesmobs:barghest but it was marked as removed already
[01:54:12] [Server thread/INFO] [globalgamerules]: Saving gamerules of dimension -1 (World) to config
[01:54:12] [Server thread/INFO] [FML]: Unloading dimension -1
[01:54:40] [Server thread/INFO] [antiqueatlas]: Sending dimension #0
[01:54:40] [Server thread/INFO] [antiqueatlas]: Sent dimension #0 (81 tiles)
[01:54:40] [Server thread/INFO] [antiqueatlas]: Sending dimension #-1
[01:54:40] [Server thread/INFO] [antiqueatlas]: Sent dimension #-1 (11 tiles)
[01:54:40] [Server thread/INFO] [antiqueatlas]: Sent Atlas #2 data to player rdiaz2000
[01:54:40] [Server thread/INFO] [antiqueatlas]: Sent markers data #2 to player rdiaz2000
[01:57:27] [Server thread/WARN] [net.minecraft.network.NetHandlerPlayServer]: sacoPapaya moved too quickly! 9.886052810473302,0.34720003581047365,-1.8346370838066832
[02:01:50] [Server thread/INFO] [FML]: Loading dimension -1 (World) (net.minecraft.server.dedicated.DedicatedServer@f5f957a)
[02:01:50] [Server thread/INFO] [globalgamerules]: Applying config gamerules to dimension -1 (World)
[02:01:50] [Server thread/INFO] [globalgamerules]: Setting difficulty of dimension -1 (World) to HARD
[02:01:50] [Server thread/INFO] [STDOUT]: [atomicstryker.ruins.common.ChunkLoggerData:func_76184_a:24]: Ruins chunks logged: 938
[02:01:50] [Server thread/INFO] [dsurround]: Creating NETHER weather generator for dimension [the_nether]
[02:01:51] [Server thread/INFO] [globalgamerules]: Saving gamerules of dimension -1 (World) to config
[02:01:51] [Server thread/INFO] [FML]: Unloading dimension -1
[02:05:05] [Server thread/INFO] [FML]: Loading dimension -1 (World) (net.minecraft.server.dedicated.DedicatedServer@f5f957a)
[02:05:05] [Server thread/INFO] [globalgamerules]: Applying config gamerules to dimension -1 (World)
[02:05:05] [Server thread/INFO] [globalgamerules]: Setting difficulty of dimension -1 (World) to HARD
[02:05:05] [Server thread/INFO] [STDOUT]: [atomicstryker.ruins.common.ChunkLoggerData:func_76184_a:24]: Ruins chunks logged: 938
[02:05:05] [Server thread/INFO] [dsurround]: Creating NETHER weather generator for dimension [the_nether]
[02:05:06] [Server thread/INFO] [globalgamerules]: Saving gamerules of dimension -1 (World) to config
[02:05:06] [Server thread/INFO] [FML]: Unloading dimension -1
[02:11:28] [Server thread/INFO] [FML]: Loading dimension -1 (World) (net.minecraft.server.dedicated.DedicatedServer@f5f957a)
[02:11:28] [Server thread/INFO] [globalgamerules]: Applying config gamerules to dimension -1 (World)
[02:11:28] [Server thread/INFO] [globalgamerules]: Setting difficulty of dimension -1 (World) to HARD
[02:11:28] [Server thread/INFO] [STDOUT]: [atomicstryker.ruins.common.ChunkLoggerData:func_76184_a:24]: Ruins chunks logged: 938
[02:11:28] [Server thread/INFO] [dsurround]: Creating NETHER weather generator for dimension [the_nether]
[02:11:29] [Server thread/INFO] [globalgamerules]: Saving gamerules of dimension -1 (World) to config
[02:11:29] [Server thread/INFO] [FML]: Unloading dimension -1
[02:11:29] [Server thread/INFO] [FML]: Loading dimension -1 (World) (net.minecraft.server.dedicated.DedicatedServer@f5f957a)
[02:11:29] [Server thread/INFO] [globalgamerules]: Applying config gamerules to dimension -1 (World)
[02:11:29] [Server thread/INFO] [globalgamerules]: Setting difficulty of dimension -1 (World) to HARD
[02:11:29] [Server thread/INFO] [STDOUT]: [atomicstryker.ruins.common.ChunkLoggerData:func_76184_a:24]: Ruins chunks logged: 938
[02:11:29] [Server thread/INFO] [dsurround]: Creating NETHER weather generator for dimension [the_nether]
[02:11:30] [Server thread/INFO] [globalgamerules]: Saving gamerules of dimension -1 (World) to config
[02:11:31] [Server thread/INFO] [FML]: Unloading dimension -1
[02:16:30] [Server thread/WARN] [net.minecraft.world.WorldServer]: Tried to add entity lycanitesmobs:gnekk but it was marked as removed already
[02:16:31] [Server thread/INFO] [Scaling Health]: Blight Skeleton was killed by rdiaz2000
[02:22:38] [Server thread/INFO] [STDOUT]: [com.lycanitesmobs.LycanitesMobs:logDebug:293]: [LycanitesMobs] [Debug] [] Damage will kill and player owner!
[02:28:00] [Server thread/INFO] [FML]: Loading dimension -1 (World) (net.minecraft.server.dedicated.DedicatedServer@f5f957a)
[02:28:00] [Server thread/INFO] [globalgamerules]: Applying config gamerules to dimension -1 (World)
[02:28:00] [Server thread/INFO] [globalgamerules]: Setting difficulty of dimension -1 (World) to HARD
[02:28:00] [Server thread/INFO] [STDOUT]: [atomicstryker.ruins.common.ChunkLoggerData:func_76184_a:24]: Ruins chunks logged: 938
[02:28:00] [Server thread/INFO] [dsurround]: Creating NETHER weather generator for dimension [the_nether]
[02:28:00] [Server thread/WARN] [net.minecraft.world.WorldServer]: Tried to add entity lycanitesmobs:afrit but it was marked as removed already
[02:28:00] [Server thread/INFO] [globalgamerules]: Saving gamerules of dimension -1 (World) to config
[02:28:01] [Server thread/INFO] [FML]: Unloading dimension -1
[02:41:32] [Server thread/WARN] [net.minecraft.network.NetHandlerPlayServer]: rdiaz2000 moved wrongly!
[02:42:44] [Server thread/INFO] [STDOUT]: [com.lycanitesmobs.LycanitesMobs:logDebug:293]: [LycanitesMobs] [Debug] [] Damage will kill and player owner!
[02:42:45] [Server thread/INFO] [FML]: Loading dimension -1 (World) (net.minecraft.server.dedicated.DedicatedServer@f5f957a)
[02:42:45] [Server thread/INFO] [globalgamerules]: Applying config gamerules to dimension -1 (World)
[02:42:45] [Server thread/INFO] [globalgamerules]: Setting difficulty of dimension -1 (World) to HARD
[02:42:45] [Server thread/INFO] [STDOUT]: [atomicstryker.ruins.common.ChunkLoggerData:func_76184_a:24]: Ruins chunks logged: 938
[02:42:45] [Server thread/INFO] [dsurround]: Creating NETHER weather generator for dimension [the_nether]
[02:42:46] [Server thread/INFO] [globalgamerules]: Saving gamerules of dimension -1 (World) to config
[02:42:46] [Server thread/INFO] [FML]: Unloading dimension -1
[02:45:18] [Server thread/INFO] [FML]: Loading dimension -1 (World) (net.minecraft.server.dedicated.DedicatedServer@f5f957a)
[02:45:18] [Server thread/INFO] [globalgamerules]: Applying config gamerules to dimension -1 (World)
[02:45:18] [Server thread/INFO] [globalgamerules]: Setting difficulty of dimension -1 (World) to HARD
[02:45:18] [Server thread/INFO] [STDOUT]: [atomicstryker.ruins.common.ChunkLoggerData:func_76184_a:24]: Ruins chunks logged: 938
[02:45:18] [Server thread/INFO] [dsurround]: Creating NETHER weather generator for dimension [the_nether]
[02:45:19] [Server thread/INFO] [globalgamerules]: Saving gamerules of dimension -1 (World) to config
[02:45:20] [Server thread/INFO] [FML]: Unloading dimension -1
[02:45:20] [Server thread/INFO] [FML]: Loading dimension -1 (World) (net.minecraft.server.dedicated.DedicatedServer@f5f957a)
[02:45:20] [Server thread/INFO] [globalgamerules]: Applying config gamerules to dimension -1 (World)
[02:45:20] [Server thread/INFO] [globalgamerules]: Setting difficulty of dimension -1 (World) to HARD
[02:45:20] [Server thread/INFO] [STDOUT]: [atomicstryker.ruins.common.ChunkLoggerData:func_76184_a:24]: Ruins chunks logged: 938
[02:45:20] [Server thread/INFO] [dsurround]: Creating NETHER weather generator for dimension [the_nether]
[02:45:21] [Server thread/INFO] [globalgamerules]: Saving gamerules of dimension -1 (World) to config
[02:45:21] [Server thread/INFO] [FML]: Unloading dimension -1
[02:48:37] [Server thread/INFO] [FML]: Loading dimension -1 (World) (net.minecraft.server.dedicated.DedicatedServer@f5f957a)
[02:48:37] [Server thread/INFO] [globalgamerules]: Applying config gamerules to dimension -1 (World)
[02:48:37] [Server thread/INFO] [globalgamerules]: Setting difficulty of dimension -1 (World) to HARD
[02:48:37] [Server thread/INFO] [STDOUT]: [atomicstryker.ruins.common.ChunkLoggerData:func_76184_a:24]: Ruins chunks logged: 938
[02:48:37] [Server thread/INFO] [dsurround]: Creating NETHER weather generator for dimension [the_nether]
[02:48:38] [Server thread/WARN] [net.minecraft.world.WorldServer]: Tried to add entity lycanitesmobs:balayang but it was marked as removed already
[02:48:38] [Server thread/INFO] [globalgamerules]: Saving gamerules of dimension -1 (World) to config
[02:48:38] [Server thread/INFO] [FML]: Unloading dimension -1
[02:50:49] [Server thread/WARN] [net.minecraft.world.WorldServer]: Tried to add entity lycanitesmobs:afrit but it was marked as removed already
[02:56:18] [Server thread/INFO] [antiqueatlas]: Created new marker #290"gui.antiqueatlas.marker.tomb rdiaz2000"@(-2184, -3275)
[02:56:18] [Server thread/INFO] [net.minecraft.server.dedicated.DedicatedServer]: rdiaz2000 was slain by Cyclops
[02:56:27] [Server thread/WARN] [net.minecraft.server.MinecraftServer]: Can't keep up! Did the system time change, or is the server overloaded? Running 2155ms behind, skipping 43 tick(s)
[02:56:27] [Server thread/WARN] [reccomplex]: Failed to find preset (transformer preset): DesertAdjustment
[02:56:27] [Server thread/WARN] [reccomplex]: Failed to find preset (transformer preset): DesertAdjustment
[02:56:27] [Server thread/WARN] [reccomplex]: Failed to find preset (transformer preset): DesertAdjustment
[02:56:27] [Thread-957/INFO] [STDOUT]: [com.lycanitesmobs.LycanitesMobs:logInfo:281]: [LycanitesMobs] [Info] [] Online familiars loaded successfully for 76063568-76d8-4ab7-a0a6-1c5079fb40ac.
[02:56:27] [Server thread/WARN] [reccomplex]: Failed to find preset (transformer preset): DesertAdjustment
[02:56:28] [Server thread/WARN] [reccomplex]: Failed to find preset (transformer preset): DesertAdjustment
[02:56:28] [Server thread/WARN] [reccomplex]: Failed to find preset (transformer preset): DesertAdjustment
[02:56:28] [Server thread/WARN] [reccomplex]: Failed to find preset (transformer preset): DesertAdjustment
[02:56:28] [Server thread/WARN] [reccomplex]: Failed to find preset (transformer preset): DesertAdjustment
[02:56:28] [Server thread/WARN] [reccomplex]: Failed to find preset (transformer preset): DesertAdjustment
[02:56:29] [Server thread/WARN] [reccomplex]: Failed to find preset (transformer preset): DesertAdjustment
[02:56:29] [Server thread/WARN] [reccomplex]: Failed to find preset (transformer preset): DesertAdjustment
[02:56:30] [Server thread/WARN] [reccomplex]: Failed to find preset (transformer preset): DesertAdjustment
[02:56:41] [Server thread/INFO] [antiqueatlas]: Saving local markers data to NBT
[02:56:54] [Server thread/INFO] [net.minecraft.server.dedicated.DedicatedServer]: Teleported rdiaz2000 to sacoPapaya
[02:56:54] [Server thread/WARN] [net.minecraft.network.NetHandlerPlayServer]: rdiaz2000 moved too quickly! -1894.8070375707184,-1.0,-6857.516078221746
[02:57:23] [Server thread/WARN] [net.minecraft.network.NetHandlerPlayServer]: rdiaz2000 moved too quickly! -290.015869140625,-0.57861328125,57.351039088145626
[02:59:27] [Server thread/INFO] [STDOUT]: [com.lycanitesmobs.LycanitesMobs:logDebug:293]: [LycanitesMobs] [Debug] [] Damage will kill and player owner!
[03:06:26] [Server thread/INFO] [antiqueatlas]: Saving local markers data to NBT
[03:08:39] [Server thread/INFO] [antiqueatlas]: Created new marker #291"gui.antiqueatlas.marker.tomb sacoPapaya"@(-2856, -3224)
[03:08:39] [Server thread/INFO] [net.minecraft.server.dedicated.DedicatedServer]: sacoPapaya was pummeled by Argus  Lvl 5
[03:08:41] [Thread-975/INFO] [STDOUT]: [com.lycanitesmobs.LycanitesMobs:logInfo:281]: [LycanitesMobs] [Info] [] Online familiars loaded successfully for abd71d0c-85e3-43d8-97de-4036d7d2275a.
[03:08:41] [Server thread/INFO] [antiqueatlas]: Saving local markers data to NBT
[03:09:11] [Server thread/INFO] [STDOUT]: [com.lycanitesmobs.LycanitesMobs:logDebug:293]: [LycanitesMobs] [Debug] [] Damage will kill and player owner!
[03:10:47] [Server thread/INFO] [FML]: Loading dimension -1 (World) (net.minecraft.server.dedicated.DedicatedServer@f5f957a)
[03:10:48] [Server thread/INFO] [globalgamerules]: Applying config gamerules to dimension -1 (World)
[03:10:48] [Server thread/INFO] [globalgamerules]: Setting difficulty of dimension -1 (World) to HARD
[03:10:48] [Server thread/INFO] [STDOUT]: [atomicstryker.ruins.common.ChunkLoggerData:func_76184_a:24]: Ruins chunks logged: 938
[03:10:48] [Server thread/INFO] [dsurround]: Creating NETHER weather generator for dimension [the_nether]
[03:10:48] [Server thread/INFO] [globalgamerules]: Saving gamerules of dimension -1 (World) to config
[03:10:49] [Server thread/INFO] [FML]: Unloading dimension -1
[03:10:49] [Server thread/INFO] [FML]: Loading dimension -1 (World) (net.minecraft.server.dedicated.DedicatedServer@f5f957a)
[03:10:49] [Server thread/INFO] [globalgamerules]: Applying config gamerules to dimension -1 (World)
[03:10:49] [Server thread/INFO] [globalgamerules]: Setting difficulty of dimension -1 (World) to HARD
[03:10:49] [Server thread/INFO] [STDOUT]: [atomicstryker.ruins.common.ChunkLoggerData:func_76184_a:24]: Ruins chunks logged: 938
[03:10:49] [Server thread/INFO] [dsurround]: Creating NETHER weather generator for dimension [the_nether]
[03:10:50] [Server thread/INFO] [globalgamerules]: Saving gamerules of dimension -1 (World) to config
[03:10:50] [Server thread/INFO] [FML]: Unloading dimension -1
[03:18:36] [Server thread/INFO] [Scaling Health]: Blight Salamander  Lvl 4 was killed by rdiaz2000
[03:19:01] [Server thread/INFO] [STDOUT]: [com.lycanitesmobs.LycanitesMobs:logDebug:293]: [LycanitesMobs] [Debug] [] Damage will kill and player owner!
[03:22:40] [Server thread/WARN] [net.minecraft.world.WorldServer]: Tried to add entity lycanitesmobs:barghest but it was marked as removed already
[03:22:45] [Server thread/INFO] [STDOUT]: [com.lycanitesmobs.LycanitesMobs:logDebug:293]: [LycanitesMobs] [Debug] [] Damage will kill and player owner!
[03:42:15] [Server thread/INFO] [Scaling Health]: Blight Silverfish was killed by rdiaz2000
[03:42:48] [Server thread/INFO] [STDOUT]: [com.lycanitesmobs.LycanitesMobs:logDebug:293]: [LycanitesMobs] [Debug] [] Damage will kill and player owner!
[03:45:55] [Server thread/INFO] [net.minecraft.network.NetHandlerPlayServer]: rdiaz2000 lost connection: Disconnected
[03:45:55] [Server thread/INFO] [net.minecraft.server.dedicated.DedicatedServer]: rdiaz2000 left the game
[03:55:22] [pool-5-thread-1/WARN] [ivtoolkit]: Maze is not completable!
[03:55:22] [pool-5-thread-1/WARN] [ivtoolkit]: Switching to flawed mode.
[03:55:22] [pool-5-thread-1/WARN] [ivtoolkit]: Did not find fitting component for maze!
[03:55:22] [pool-5-thread-1/WARN] [ivtoolkit]: Suggested: X with exits [MazePassage{source=[5, 1, 4], dest=[5, 1, 3]}=Path, MazePassage{source=[5, 2, 3], dest=[5, 1, 3]}=Wall]
[03:55:22] [pool-5-thread-1/WARN] [ivtoolkit]: Did not find fitting component for maze!
[03:55:22] [pool-5-thread-1/WARN] [ivtoolkit]: Suggested: X with exits [MazePassage{source=[7, 2, 10], dest=[7, 1, 10]}=Wall, MazePassage{source=[8, 1, 10], dest=[7, 1, 10]}=Path]
[03:55:22] [pool-5-thread-1/WARN] [ivtoolkit]: Did not find fitting component for maze!
[03:55:22] [pool-5-thread-1/WARN] [ivtoolkit]: Suggested: X with exits [MazePassage{source=[3, 4, 6], dest=[3, 3, 6]}=Wall, MazePassage{source=[4, 3, 6], dest=[3, 3, 6]}=Path]
[03:55:22] [pool-5-thread-1/WARN] [ivtoolkit]: Did not find fitting component for maze!
[03:55:22] [pool-5-thread-1/WARN] [ivtoolkit]: Suggested: X with exits [MazePassage{source=[5, 1, 8], dest=[5, 1, 9]}=Path, MazePassage{source=[5, 2, 9], dest=[5, 1, 9]}=Wall]
[03:55:27] [Server thread/WARN] [net.minecraft.network.NetHandlerPlayServer]: sacoPapaya moved too quickly! 9.33823070356084,0.4641593749554449,3.974401209869484
[03:55:27] [Server thread/WARN] [net.minecraft.server.MinecraftServer]: Can't keep up! Did the system time change, or is the server overloaded? Running 6149ms behind, skipping 122 tick(s)
[03:57:15] [Server thread/ERROR] [RLTweaker]: Entity moving too fast! HIGHEST 57.05393656458801 com.lycanitesmobs.core.entity.creature.EntityArisaur - -3202.2278313261772 81.02442418606108 -3263.965251523648 57.05393656458801 -0.2276884763889121 44.53196655897007 hurt time:0 dead:false pitch:0.0 yaw:122.472
[03:58:15] [Server thread/INFO] [antiqueatlas]: Saving local markers data to NBT
[04:10:11] [Server thread/INFO] [FML]: Loading dimension -1 (World) (net.minecraft.server.dedicated.DedicatedServer@f5f957a)
[04:10:11] [Server thread/INFO] [globalgamerules]: Applying config gamerules to dimension -1 (World)
[04:10:11] [Server thread/INFO] [globalgamerules]: Setting difficulty of dimension -1 (World) to HARD
[04:10:11] [Server thread/INFO] [STDOUT]: [atomicstryker.ruins.common.ChunkLoggerData:func_76184_a:24]: Ruins chunks logged: 938
[04:10:11] [Server thread/INFO] [dsurround]: Creating NETHER weather generator for dimension [the_nether]
[04:10:12] [Server thread/INFO] [globalgamerules]: Saving gamerules of dimension -1 (World) to config
[04:10:12] [Server thread/INFO] [FML]: Unloading dimension -1
[04:10:17] [Server thread/INFO] [FML]: Loading dimension -1 (World) (net.minecraft.server.dedicated.DedicatedServer@f5f957a)
[04:10:17] [Server thread/INFO] [globalgamerules]: Applying config gamerules to dimension -1 (World)
[04:10:17] [Server thread/INFO] [globalgamerules]: Setting difficulty of dimension -1 (World) to HARD
[04:10:17] [Server thread/INFO] [STDOUT]: [atomicstryker.ruins.common.ChunkLoggerData:func_76184_a:24]: Ruins chunks logged: 938
[04:10:17] [Server thread/INFO] [dsurround]: Creating NETHER weather generator for dimension [the_nether]
[04:10:17] [Server thread/WARN] [net.minecraft.world.WorldServer]: Tried to add entity lycanitesmobs:barghest but it was marked as removed already
[04:10:18] [Server thread/INFO] [globalgamerules]: Saving gamerules of dimension -1 (World) to config
[04:10:18] [Server thread/INFO] [FML]: Unloading dimension -1
[04:21:32] [Netty Server IO #15/ERROR] [FML]: NetworkDispatcher exception
java.io.IOException: An existing connection was forcibly closed by the remote host
	at sun.nio.ch.SocketDispatcher.read0(Native Method) ~[?:1.8.0_321]
	at sun.nio.ch.SocketDispatcher.read(Unknown Source) ~[?:1.8.0_321]
	at sun.nio.ch.IOUtil.readIntoNativeBuffer(Unknown Source) ~[?:1.8.0_321]
	at sun.nio.ch.IOUtil.read(Unknown Source) ~[?:1.8.0_321]
	at sun.nio.ch.SocketChannelImpl.read(Unknown Source) ~[?:1.8.0_321]
	at io.netty.buffer.PooledUnsafeDirectByteBuf.setBytes(PooledUnsafeDirectByteBuf.java:288) ~[minecraft_server.1.12.2.jar:?]
	at io.netty.buffer.AbstractByteBuf.writeBytes(AbstractByteBuf.java:1100) ~[minecraft_server.1.12.2.jar:?]
	at io.netty.channel.socket.nio.NioSocketChannel.doReadBytes(NioSocketChannel.java:372) ~[minecraft_server.1.12.2.jar:?]
	at io.netty.channel.nio.AbstractNioByteChannel$NioByteUnsafe.read(AbstractNioByteChannel.java:123) [minecraft_server.1.12.2.jar:?]
	at io.netty.channel.nio.NioEventLoop.processSelectedKey(NioEventLoop.java:624) [minecraft_server.1.12.2.jar:?]
	at io.netty.channel.nio.NioEventLoop.processSelectedKeysOptimized(NioEventLoop.java:559) [minecraft_server.1.12.2.jar:?]
	at io.netty.channel.nio.NioEventLoop.processSelectedKeys(NioEventLoop.java:476) [minecraft_server.1.12.2.jar:?]
	at io.netty.channel.nio.NioEventLoop.run(NioEventLoop.java:438) [minecraft_server.1.12.2.jar:?]
	at io.netty.util.concurrent.SingleThreadEventExecutor$5.run(SingleThreadEventExecutor.java:858) [minecraft_server.1.12.2.jar:?]
	at java.lang.Thread.run(Unknown Source) [?:1.8.0_321]
[04:21:32] [Server thread/INFO] [net.minecraft.network.NetHandlerPlayServer]: sacoPapaya lost connection: Internal Exception: java.io.IOException: An existing connection was forcibly closed by the remote host
[04:21:32] [Server thread/INFO] [net.minecraft.server.dedicated.DedicatedServer]: sacoPapaya left the game
[04:21:35] [Server thread/INFO] [net.minecraft.server.dedicated.DedicatedServer]: Stopping the server
[04:21:35] [Server thread/INFO] [AUW]: Stopping DS...
[04:21:35] [Server thread/INFO] [net.minecraft.server.MinecraftServer]: Stopping server
[04:21:35] [Server thread/INFO] [net.minecraft.server.MinecraftServer]: Saving players
[04:21:35] [Server thread/INFO] [net.minecraft.server.MinecraftServer]: Saving worlds
[04:21:35] [Server thread/INFO] [net.minecraft.server.MinecraftServer]: Saving chunks for level 'World'/overworld
[04:21:35] [Server thread/INFO] [globalgamerules]: Saving gamerules of dimension 0 (World) to config
[04:21:35] [Server thread/INFO] [FML]: Unloading dimension 0
[04:21:35] [Server Shutdown Thread/INFO] [net.minecraft.server.MinecraftServer]: Stopping server
[04:21:35] [Server Shutdown Thread/INFO] [net.minecraft.server.MinecraftServer]: Saving players
[04:21:35] [Server Shutdown Thread/INFO] [net.minecraft.server.MinecraftServer]: Saving worlds
